<?xml version="1.0" encoding="UTF-8"?>
<testng-results ignored="0" total="4" passed="3" failed="1" skipped="0">
  <reporter-output>
  </reporter-output>
  <suite started-at="2022-06-10T19:31:58Z" name="Suite" finished-at="2022-06-10T19:33:32Z" duration-ms="94340">
    <groups>
    </groups>
    <test started-at="2022-06-10T19:31:58Z" name="NavigationBarTest" finished-at="2022-06-10T19:32:25Z" duration-ms="27028">
      <class name="testCases.NavigationBarTest">
        <test-method is-config="true" signature="initializeTest()[pri:0, instance:testCases.NavigationBarTest@34cf5a97]" started-at="2022-06-10T19:31:58Z" name="initializeTest" finished-at="2022-06-10T19:32:24Z" duration-ms="26816" status="PASS">
          <reporter-output>
          </reporter-output>
        </test-method> <!-- initializeTest -->
        <test-method signature="validateNavBar()[pri:0, instance:testCases.NavigationBarTest@34cf5a97]" started-at="2022-06-10T19:32:24Z" name="validateNavBar" finished-at="2022-06-10T19:32:25Z" duration-ms="122" status="PASS">
          <reporter-output>
          </reporter-output>
        </test-method> <!-- validateNavBar -->
        <test-method is-config="true" signature="tearDown()[pri:0, instance:testCases.NavigationBarTest@34cf5a97]" started-at="2022-06-10T19:32:25Z" name="tearDown" finished-at="2022-06-10T19:32:25Z" duration-ms="66" status="PASS">
          <reporter-output>
          </reporter-output>
        </test-method> <!-- tearDown -->
      </class> <!-- testCases.NavigationBarTest -->
    </test> <!-- NavigationBarTest -->
    <test started-at="2022-06-10T19:32:25Z" name="ValidateTitleTest" finished-at="2022-06-10T19:32:44Z" duration-ms="18792">
      <class name="testCases.ValidateTitleTest">
        <test-method is-config="true" signature="initializeTest()[pri:0, instance:testCases.ValidateTitleTest@59942b48]" started-at="2022-06-10T19:32:25Z" name="initializeTest" finished-at="2022-06-10T19:32:43Z" duration-ms="18627" status="PASS">
          <reporter-output>
          </reporter-output>
        </test-method> <!-- initializeTest -->
        <test-method signature="validateTitle()[pri:0, instance:testCases.ValidateTitleTest@59942b48]" started-at="2022-06-10T19:32:43Z" name="validateTitle" finished-at="2022-06-10T19:32:44Z" duration-ms="115" status="PASS">
          <reporter-output>
          </reporter-output>
        </test-method> <!-- validateTitle -->
        <test-method is-config="true" signature="tearDown()[pri:0, instance:testCases.ValidateTitleTest@59942b48]" started-at="2022-06-10T19:32:44Z" name="tearDown" finished-at="2022-06-10T19:32:44Z" duration-ms="49" status="PASS">
          <reporter-output>
          </reporter-output>
        </test-method> <!-- tearDown -->
      </class> <!-- testCases.ValidateTitleTest -->
    </test> <!-- ValidateTitleTest -->
    <test started-at="2022-06-10T19:32:44Z" name="HomePageTest" finished-at="2022-06-10T19:33:32Z" duration-ms="48236">
      <class name="testCases.HomePageTest">
        <test-method is-config="true" signature="initializeTest()[pri:0, instance:testCases.HomePageTest@5d58c727]" started-at="2022-06-10T19:32:44Z" name="initializeTest" finished-at="2022-06-10T19:32:44Z" duration-ms="654" status="PASS">
          <reporter-output>
          </reporter-output>
        </test-method> <!-- initializeTest -->
        <test-method signature="homePageLogin(java.lang.String, java.lang.String, java.lang.String)[pri:0, instance:testCases.HomePageTest@5d58c727]" started-at="2022-06-10T19:32:44Z" name="homePageLogin" data-provider="getData" finished-at="2022-06-10T19:33:05Z" duration-ms="20369" status="PASS">
          <params>
            <param index="0">
              <value>
                <![CDATA[restricteduser@gmail.com]]>
              </value>
            </param>
            <param index="1">
              <value>
                <![CDATA[Test123]]>
              </value>
            </param>
            <param index="2">
              <value>
                <![CDATA[Restricted user]]>
              </value>
            </param>
          </params>
          <reporter-output>
          </reporter-output>
        </test-method> <!-- homePageLogin -->
        <test-method signature="homePageLogin(java.lang.String, java.lang.String, java.lang.String)[pri:0, instance:testCases.HomePageTest@5d58c727]" started-at="2022-06-10T19:33:05Z" name="homePageLogin" data-provider="getData" finished-at="2022-06-10T19:33:31Z" duration-ms="26701" status="FAIL">
          <params>
            <param index="0">
              <value>
                <![CDATA[nonrestricteduser@gmail.com]]>
              </value>
            </param>
            <param index="1">
              <value>
                <![CDATA[Test123]]>
              </value>
            </param>
            <param index="2">
              <value>
                <![CDATA[Non restricted user]]>
              </value>
            </param>
          </params>
          <exception class="org.openqa.selenium.NoSuchElementException">
            <message>
              <![CDATA[no such element: Unable to locate element: {"method":"xpath","selector":"//button[contains(text(),'NO THANKS')]"}
  (Session info: chrome=102.0.5005.63)
For documentation on this error, please visit: https://www.seleniumhq.org/exceptions/no_such_element.html
Build info: version: '3.141.59', revision: 'e82be7d358', time: '2018-11-14T08:17:03'
System info: host: 'MANHW-J0L6N13', ip: '192.168.0.166', os.name: 'Windows 10', os.arch: 'amd64', os.version: '10.0', java.version: '18.0.1'
Driver info: org.openqa.selenium.chrome.ChromeDriver
Capabilities {acceptInsecureCerts: false, browserName: chrome, browserVersion: 102.0.5005.63, chrome: {chromedriverVersion: 102.0.5005.61 (0e59bcc00cc4..., userDataDir: C:\Users\pmandi\AppData\Loc...}, goog:chromeOptions: {debuggerAddress: localhost:61990}, javascriptEnabled: true, networkConnectionEnabled: false, pageLoadStrategy: normal, platform: WINDOWS, platformName: WINDOWS, proxy: Proxy(), setWindowRect: true, strictFileInteractability: false, timeouts: {implicit: 0, pageLoad: 300000, script: 30000}, unhandledPromptBehavior: dismiss and notify, webauthn:extension:credBlob: true, webauthn:extension:largeBlob: true, webauthn:virtualAuthenticators: true}
Session ID: 753b4b346ff4750efc7acf7265a378eb
*** Element info: {Using=xpath, value=//button[contains(text(),'NO THANKS')]}]]>
            </message>
            <full-stacktrace>
              <![CDATA[org.openqa.selenium.NoSuchElementException: no such element: Unable to locate element: {"method":"xpath","selector":"//button[contains(text(),'NO THANKS')]"}
  (Session info: chrome=102.0.5005.63)
For documentation on this error, please visit: https://www.seleniumhq.org/exceptions/no_such_element.html
Build info: version: '3.141.59', revision: 'e82be7d358', time: '2018-11-14T08:17:03'
System info: host: 'MANHW-J0L6N13', ip: '192.168.0.166', os.name: 'Windows 10', os.arch: 'amd64', os.version: '10.0', java.version: '18.0.1'
Driver info: org.openqa.selenium.chrome.ChromeDriver
Capabilities {acceptInsecureCerts: false, browserName: chrome, browserVersion: 102.0.5005.63, chrome: {chromedriverVersion: 102.0.5005.61 (0e59bcc00cc4..., userDataDir: C:\Users\pmandi\AppData\Loc...}, goog:chromeOptions: {debuggerAddress: localhost:61990}, javascriptEnabled: true, networkConnectionEnabled: false, pageLoadStrategy: normal, platform: WINDOWS, platformName: WINDOWS, proxy: Proxy(), setWindowRect: true, strictFileInteractability: false, timeouts: {implicit: 0, pageLoad: 300000, script: 30000}, unhandledPromptBehavior: dismiss and notify, webauthn:extension:credBlob: true, webauthn:extension:largeBlob: true, webauthn:virtualAuthenticators: true}
Session ID: 753b4b346ff4750efc7acf7265a378eb
*** Element info: {Using=xpath, value=//button[contains(text(),'NO THANKS')]}
at java.base/jdk.internal.reflect.DirectConstructorHandleAccessor.newInstance(DirectConstructorHandleAccessor.java:67)
at java.base/java.lang.reflect.Constructor.newInstanceWithCaller(Constructor.java:499)
at java.base/java.lang.reflect.Constructor.newInstance(Constructor.java:483)
at org.openqa.selenium.remote.http.W3CHttpResponseCodec.createException(W3CHttpResponseCodec.java:187)
at org.openqa.selenium.remote.http.W3CHttpResponseCodec.decode(W3CHttpResponseCodec.java:122)
at org.openqa.selenium.remote.http.W3CHttpResponseCodec.decode(W3CHttpResponseCodec.java:49)
at org.openqa.selenium.remote.HttpCommandExecutor.execute(HttpCommandExecutor.java:158)
at org.openqa.selenium.remote.service.DriverCommandExecutor.execute(DriverCommandExecutor.java:83)
at org.openqa.selenium.remote.RemoteWebDriver.execute(RemoteWebDriver.java:552)
at org.openqa.selenium.remote.RemoteWebDriver.findElement(RemoteWebDriver.java:323)
at org.openqa.selenium.remote.RemoteWebDriver.findElementByXPath(RemoteWebDriver.java:428)
at org.openqa.selenium.By$ByXPath.findElement(By.java:353)
at org.openqa.selenium.remote.RemoteWebDriver.findElement(RemoteWebDriver.java:315)
at pageObjects.HomePage.popClose(HomePage.java:22)
at testCases.HomePageTest.homePageLogin(HomePageTest.java:40)
at java.base/jdk.internal.reflect.DirectMethodHandleAccessor.invoke(DirectMethodHandleAccessor.java:104)
at java.base/java.lang.reflect.Method.invoke(Method.java:577)
at org.testng.internal.MethodInvocationHelper.invokeMethod(MethodInvocationHelper.java:124)
at org.testng.internal.Invoker.invokeMethod(Invoker.java:583)
at org.testng.internal.Invoker.invokeTestMethod(Invoker.java:719)
at org.testng.internal.Invoker.invokeTestMethods(Invoker.java:989)
at org.testng.internal.TestMethodWorker.invokeTestMethods(TestMethodWorker.java:125)
at org.testng.internal.TestMethodWorker.run(TestMethodWorker.java:109)
at org.testng.TestRunner.privateRun(TestRunner.java:648)
at org.testng.TestRunner.run(TestRunner.java:505)
at org.testng.SuiteRunner.runTest(SuiteRunner.java:455)
at org.testng.SuiteRunner.runSequentially(SuiteRunner.java:450)
at org.testng.SuiteRunner.privateRun(SuiteRunner.java:415)
at org.testng.SuiteRunner.run(SuiteRunner.java:364)
at org.testng.SuiteRunnerWorker.runSuite(SuiteRunnerWorker.java:52)
at org.testng.SuiteRunnerWorker.run(SuiteRunnerWorker.java:84)
at org.testng.TestNG.runSuitesSequentially(TestNG.java:1208)
at org.testng.TestNG.runSuitesLocally(TestNG.java:1137)
at org.testng.TestNG.runSuites(TestNG.java:1049)
at org.testng.TestNG.run(TestNG.java:1017)
at org.testng.remote.AbstractRemoteTestNG.run(AbstractRemoteTestNG.java:115)
at org.testng.remote.RemoteTestNG.initAndRun(RemoteTestNG.java:251)
at org.testng.remote.RemoteTestNG.main(RemoteTestNG.java:77)
]]>
            </full-stacktrace>
          </exception> <!-- org.openqa.selenium.NoSuchElementException -->
          <reporter-output>
          </reporter-output>
        </test-method> <!-- homePageLogin -->
        <test-method is-config="true" signature="tearDown()[pri:0, instance:testCases.HomePageTest@5d58c727]" started-at="2022-06-10T19:33:32Z" name="tearDown" finished-at="2022-06-10T19:33:32Z" duration-ms="51" status="PASS">
          <reporter-output>
          </reporter-output>
        </test-method> <!-- tearDown -->
      </class> <!-- testCases.HomePageTest -->
    </test> <!-- HomePageTest -->
  </suite> <!-- Suite -->
</testng-results>
